Design: 23:15, jueves, 16 de diciembre de 2021
Design: Opening design "\\VBOXSVR\escom\4to semestre\FFD\mariobros\piso\vhd\piso\piso.adf"
Compilation with file reorder...
File: \\VBOXSVR\escom\4to semestre\FFD\mariobros\piso\vhd\piso.vhd
Compile Entity "piso"
Compile Architecture "DSMB" of Entity "piso"
Top-Level unit detected
Entity  =>   piso
Compile success 0 Errors 0 Warnings  Analysis time :  0.1 [s]
ELBREAD: Elaboration process.
ELBREAD: Elaboration time 0.0 [s].
ELBREAD: Elaboration process.
ELBREAD: Elaboration time 0.0 [s].
KERNEL: Main thread initiated.
KERNEL: Kernel process initialization phase.
ELAB2: Elaboration final pass...
ELAB2: Elaboration final pass complete - time: 0.1 [s].
KERNEL: Kernel process initialization done.
23:16, jueves, 16 de diciembre de 2021
Simulation has been initialized
Selected Top-Level: piso (DSMB)
Simulation has been stopped
