Analysis & Synthesis report for U_Control
Thu Mar 10 22:38:08 2022
Quartus II 64-Bit Version 13.0.1 Build 232 06/12/2013 Service Pack 1 SJ Web Edition


---------------------
; Table of Contents ;
---------------------
  1. Legal Notice
  2. Analysis & Synthesis Summary
  3. Analysis & Synthesis Settings
  4. Parallel Compilation
  5. Analysis & Synthesis Source Files Read
  6. Analysis & Synthesis Resource Usage Summary
  7. Analysis & Synthesis Resource Utilization by Entity
  8. Analysis & Synthesis DSP Block Usage Summary
  9. Registers Removed During Synthesis
 10. Removed Registers Triggering Further Register Optimizations
 11. General Register Statistics
 12. Multiplexer Restructuring Statistics (Restructuring Performed)
 13. Parameter Settings for Inferred Entity Instance: lpm_mult:Mult0
 14. lpm_mult Parameter Settings by Entity Instance
 15. Elapsed Time Per Partition
 16. Analysis & Synthesis Messages



----------------
; Legal Notice ;
----------------
Copyright (C) 1991-2013 Altera Corporation
Your use of Altera Corporation's design tools, logic functions 
and other software and tools, and its AMPP partner logic 
functions, and any output files from any of the foregoing 
(including device programming or simulation files), and any 
associated documentation or information are expressly subject 
to the terms and conditions of the Altera Program License 
Subscription Agreement, Altera MegaCore Function License 
Agreement, or other applicable license agreement, including, 
without limitation, that your use is for the sole purpose of 
programming logic devices manufactured by Altera and sold by 
Altera or its authorized distributors.  Please refer to the 
applicable agreement for further details.



+--------------------------------------------------------------------------------------+
; Analysis & Synthesis Summary                                                         ;
+------------------------------------+-------------------------------------------------+
; Analysis & Synthesis Status        ; Successful - Thu Mar 10 22:38:08 2022           ;
; Quartus II 64-Bit Version          ; 13.0.1 Build 232 06/12/2013 SP 1 SJ Web Edition ;
; Revision Name                      ; U_Control                                       ;
; Top-level Entity Name              ; U_Control                                       ;
; Family                             ; Cyclone IV E                                    ;
; Total logic elements               ; 203                                             ;
;     Total combinational functions  ; 178                                             ;
;     Dedicated logic registers      ; 101                                             ;
; Total registers                    ; 101                                             ;
; Total pins                         ; 107                                             ;
; Total virtual pins                 ; 0                                               ;
; Total memory bits                  ; 0                                               ;
; Embedded Multiplier 9-bit elements ; 1                                               ;
; Total PLLs                         ; 0                                               ;
+------------------------------------+-------------------------------------------------+


+----------------------------------------------------------------------------------------------------------------------+
; Analysis & Synthesis Settings                                                                                        ;
+----------------------------------------------------------------------------+--------------------+--------------------+
; Option                                                                     ; Setting            ; Default Value      ;
+----------------------------------------------------------------------------+--------------------+--------------------+
; Device                                                                     ; EP4CE115F29C7      ;                    ;
; Top-level entity name                                                      ; U_Control          ; U_Control          ;
; Family name                                                                ; Cyclone IV E       ; Cyclone IV GX      ;
; Type of Retiming Performed During Resynthesis                              ; Full               ;                    ;
; Resynthesis Optimization Effort                                            ; Normal             ;                    ;
; Physical Synthesis Level for Resynthesis                                   ; Normal             ;                    ;
; Use Generated Physical Constraints File                                    ; On                 ;                    ;
; Use smart compilation                                                      ; Off                ; Off                ;
; Enable parallel Assembler and TimeQuest Timing Analyzer during compilation ; On                 ; On                 ;
; Enable compact report table                                                ; Off                ; Off                ;
; Restructure Multiplexers                                                   ; Auto               ; Auto               ;
; Create Debugging Nodes for IP Cores                                        ; Off                ; Off                ;
; Preserve fewer node names                                                  ; On                 ; On                 ;
; Disable OpenCore Plus hardware evaluation                                  ; Off                ; Off                ;
; Verilog Version                                                            ; Verilog_2001       ; Verilog_2001       ;
; VHDL Version                                                               ; VHDL_1993          ; VHDL_1993          ;
; State Machine Processing                                                   ; Auto               ; Auto               ;
; Safe State Machine                                                         ; Off                ; Off                ;
; Extract Verilog State Machines                                             ; On                 ; On                 ;
; Extract VHDL State Machines                                                ; On                 ; On                 ;
; Ignore Verilog initial constructs                                          ; Off                ; Off                ;
; Iteration limit for constant Verilog loops                                 ; 5000               ; 5000               ;
; Iteration limit for non-constant Verilog loops                             ; 250                ; 250                ;
; Add Pass-Through Logic to Inferred RAMs                                    ; On                 ; On                 ;
; Infer RAMs from Raw Logic                                                  ; On                 ; On                 ;
; Parallel Synthesis                                                         ; On                 ; On                 ;
; DSP Block Balancing                                                        ; Auto               ; Auto               ;
; NOT Gate Push-Back                                                         ; On                 ; On                 ;
; Power-Up Don't Care                                                        ; On                 ; On                 ;
; Remove Redundant Logic Cells                                               ; Off                ; Off                ;
; Remove Duplicate Registers                                                 ; On                 ; On                 ;
; Ignore CARRY Buffers                                                       ; Off                ; Off                ;
; Ignore CASCADE Buffers                                                     ; Off                ; Off                ;
; Ignore GLOBAL Buffers                                                      ; Off                ; Off                ;
; Ignore ROW GLOBAL Buffers                                                  ; Off                ; Off                ;
; Ignore LCELL Buffers                                                       ; Off                ; Off                ;
; Ignore SOFT Buffers                                                        ; On                 ; On                 ;
; Limit AHDL Integers to 32 Bits                                             ; Off                ; Off                ;
; Optimization Technique                                                     ; Balanced           ; Balanced           ;
; Carry Chain Length                                                         ; 70                 ; 70                 ;
; Auto Carry Chains                                                          ; On                 ; On                 ;
; Auto Open-Drain Pins                                                       ; On                 ; On                 ;
; Perform WYSIWYG Primitive Resynthesis                                      ; Off                ; Off                ;
; Auto ROM Replacement                                                       ; On                 ; On                 ;
; Auto RAM Replacement                                                       ; On                 ; On                 ;
; Auto DSP Block Replacement                                                 ; On                 ; On                 ;
; Auto Shift Register Replacement                                            ; Auto               ; Auto               ;
; Allow Shift Register Merging across Hierarchies                            ; Auto               ; Auto               ;
; Auto Clock Enable Replacement                                              ; On                 ; On                 ;
; Strict RAM Replacement                                                     ; Off                ; Off                ;
; Allow Synchronous Control Signals                                          ; On                 ; On                 ;
; Force Use of Synchronous Clear Signals                                     ; Off                ; Off                ;
; Auto RAM Block Balancing                                                   ; On                 ; On                 ;
; Auto RAM to Logic Cell Conversion                                          ; Off                ; Off                ;
; Auto Resource Sharing                                                      ; Off                ; Off                ;
; Allow Any RAM Size For Recognition                                         ; Off                ; Off                ;
; Allow Any ROM Size For Recognition                                         ; Off                ; Off                ;
; Allow Any Shift Register Size For Recognition                              ; Off                ; Off                ;
; Use LogicLock Constraints during Resource Balancing                        ; On                 ; On                 ;
; Ignore translate_off and synthesis_off directives                          ; Off                ; Off                ;
; Timing-Driven Synthesis                                                    ; On                 ; On                 ;
; Report Parameter Settings                                                  ; On                 ; On                 ;
; Report Source Assignments                                                  ; On                 ; On                 ;
; Report Connectivity Checks                                                 ; On                 ; On                 ;
; Ignore Maximum Fan-Out Assignments                                         ; Off                ; Off                ;
; Synchronization Register Chain Length                                      ; 2                  ; 2                  ;
; PowerPlay Power Optimization                                               ; Normal compilation ; Normal compilation ;
; HDL message level                                                          ; Level2             ; Level2             ;
; Suppress Register Optimization Related Messages                            ; Off                ; Off                ;
; Number of Removed Registers Reported in Synthesis Report                   ; 5000               ; 5000               ;
; Number of Swept Nodes Reported in Synthesis Report                         ; 5000               ; 5000               ;
; Number of Inverted Registers Reported in Synthesis Report                  ; 100                ; 100                ;
; Clock MUX Protection                                                       ; On                 ; On                 ;
; Auto Gated Clock Conversion                                                ; Off                ; Off                ;
; Block Design Naming                                                        ; Auto               ; Auto               ;
; SDC constraint protection                                                  ; Off                ; Off                ;
; Synthesis Effort                                                           ; Auto               ; Auto               ;
; Shift Register Replacement - Allow Asynchronous Clear Signal               ; On                 ; On                 ;
; Pre-Mapping Resynthesis Optimization                                       ; Off                ; Off                ;
; Analysis & Synthesis Message Level                                         ; Medium             ; Medium             ;
; Disable Register Merging Across Hierarchies                                ; Auto               ; Auto               ;
; Resource Aware Inference For Block RAM                                     ; On                 ; On                 ;
; Synthesis Seed                                                             ; 1                  ; 1                  ;
+----------------------------------------------------------------------------+--------------------+--------------------+


Parallel compilation was disabled, but you have multiple processors available. Enable parallel compilation to reduce compilation time.
+-------------------------------------+
; Parallel Compilation                ;
+----------------------------+--------+
; Processors                 ; Number ;
+----------------------------+--------+
; Number detected on machine ; 8      ;
; Maximum allowed            ; 1      ;
+----------------------------+--------+


+------------------------------------------------------------------------------------------------------------------------------------------------------------------------+
; Analysis & Synthesis Source Files Read                                                                                                                                 ;
+----------------------------------+-----------------+------------------------------+--------------------------------------------------------------------------+---------+
; File Name with User-Entered Path ; Used in Netlist ; File Type                    ; File Name with Absolute Path                                             ; Library ;
+----------------------------------+-----------------+------------------------------+--------------------------------------------------------------------------+---------+
; U_Control.vhd                    ; yes             ; User VHDL File               ; C:/Users/joelc/OneDrive/Documentos/Prac Prueba/U_Control/U_Control.vhd   ;         ;
; ALU_P1.vhd                       ; yes             ; User VHDL File               ; C:/Users/joelc/OneDrive/Documentos/Prac Prueba/U_Control/ALU_P1.vhd      ;         ;
; dis7seg.vhd                      ; yes             ; User VHDL File               ; C:/Users/joelc/OneDrive/Documentos/Prac Prueba/U_Control/dis7seg.vhd     ;         ;
; lpm_mult.tdf                     ; yes             ; Megafunction                 ; c:/altera/13.0sp1/quartus/libraries/megafunctions/lpm_mult.tdf           ;         ;
; aglobal130.inc                   ; yes             ; Megafunction                 ; c:/altera/13.0sp1/quartus/libraries/megafunctions/aglobal130.inc         ;         ;
; lpm_add_sub.inc                  ; yes             ; Megafunction                 ; c:/altera/13.0sp1/quartus/libraries/megafunctions/lpm_add_sub.inc        ;         ;
; multcore.inc                     ; yes             ; Megafunction                 ; c:/altera/13.0sp1/quartus/libraries/megafunctions/multcore.inc           ;         ;
; bypassff.inc                     ; yes             ; Megafunction                 ; c:/altera/13.0sp1/quartus/libraries/megafunctions/bypassff.inc           ;         ;
; altshift.inc                     ; yes             ; Megafunction                 ; c:/altera/13.0sp1/quartus/libraries/megafunctions/altshift.inc           ;         ;
; db/mult_73t.tdf                  ; yes             ; Auto-Generated Megafunction  ; C:/Users/joelc/OneDrive/Documentos/Prac Prueba/U_Control/db/mult_73t.tdf ;         ;
+----------------------------------+-----------------+------------------------------+--------------------------------------------------------------------------+---------+


+---------------------------------------------------------+
; Analysis & Synthesis Resource Usage Summary             ;
+---------------------------------------------+-----------+
; Resource                                    ; Usage     ;
+---------------------------------------------+-----------+
; Estimated Total logic elements              ; 203       ;
;                                             ;           ;
; Total combinational functions               ; 178       ;
; Logic element usage by number of LUT inputs ;           ;
;     -- 4 input functions                    ; 92        ;
;     -- 3 input functions                    ; 44        ;
;     -- <=2 input functions                  ; 42        ;
;                                             ;           ;
; Logic elements by mode                      ;           ;
;     -- normal mode                          ; 164       ;
;     -- arithmetic mode                      ; 14        ;
;                                             ;           ;
; Total registers                             ; 101       ;
;     -- Dedicated logic registers            ; 101       ;
;     -- I/O registers                        ; 0         ;
;                                             ;           ;
; I/O pins                                    ; 107       ;
; Embedded Multiplier 9-bit elements          ; 1         ;
; Maximum fan-out node                        ; clk~input ;
; Maximum fan-out                             ; 101       ;
; Total fan-out                               ; 1110      ;
; Average fan-out                             ; 2.21      ;
+---------------------------------------------+-----------+


+----------------------------------------------------------------------------------------------------------------------------------------------------------------------------------------------------------------+
; Analysis & Synthesis Resource Utilization by Entity                                                                                                                                                            ;
+---------------------------------+-------------------+--------------+-------------+--------------+---------+-----------+------+--------------+---------------------------------------------------+--------------+
; Compilation Hierarchy Node      ; LC Combinationals ; LC Registers ; Memory Bits ; DSP Elements ; DSP 9x9 ; DSP 18x18 ; Pins ; Virtual Pins ; Full Hierarchy Name                               ; Library Name ;
+---------------------------------+-------------------+--------------+-------------+--------------+---------+-----------+------+--------------+---------------------------------------------------+--------------+
; |U_Control                      ; 178 (178)         ; 101 (101)    ; 0           ; 1            ; 1       ; 0         ; 107  ; 0            ; |U_Control                                        ; work         ;
;    |lpm_mult:Mult0|             ; 0 (0)             ; 0 (0)        ; 0           ; 1            ; 1       ; 0         ; 0    ; 0            ; |U_Control|lpm_mult:Mult0                         ; work         ;
;       |mult_73t:auto_generated| ; 0 (0)             ; 0 (0)        ; 0           ; 1            ; 1       ; 0         ; 0    ; 0            ; |U_Control|lpm_mult:Mult0|mult_73t:auto_generated ; work         ;
+---------------------------------+-------------------+--------------+-------------+--------------+---------+-----------+------+--------------+---------------------------------------------------+--------------+
Note: For table entries with two numbers listed, the numbers in parentheses indicate the number of resources of the given type used by the specific entity alone. The numbers listed outside of parentheses indicate the total resources of the given type used by the specific entity and all of its sub-entities in the hierarchy.


+-----------------------------------------------------+
; Analysis & Synthesis DSP Block Usage Summary        ;
+---------------------------------------+-------------+
; Statistic                             ; Number Used ;
+---------------------------------------+-------------+
; Simple Multipliers (9-bit)            ; 1           ;
; Simple Multipliers (18-bit)           ; 0           ;
; Embedded Multiplier Blocks            ; --          ;
; Embedded Multiplier 9-bit elements    ; 1           ;
; Signed Embedded Multipliers           ; 1           ;
; Unsigned Embedded Multipliers         ; 0           ;
; Mixed Sign Embedded Multipliers       ; 0           ;
; Variable Sign Embedded Multipliers    ; 0           ;
; Dedicated Input Shift Register Chains ; 0           ;
+---------------------------------------+-------------+
Note: number of Embedded Multiplier Blocks used is only available after a successful fit.


+---------------------------------------------------------------------------------+
; Registers Removed During Synthesis                                              ;
+----------------------------------------+----------------------------------------+
; Register name                          ; Reason for Removal                     ;
+----------------------------------------+----------------------------------------+
; RegInst[0..3]                          ; Stuck at GND due to stuck port data_in ;
; display7[27]~reg0                      ; Stuck at VCC due to stuck port data_in ;
; display7[26]~reg0                      ; Stuck at GND due to stuck port data_in ;
; display7[25]~reg0                      ; Stuck at GND due to stuck port data_in ;
; display7[24]~reg0                      ; Stuck at GND due to stuck port data_in ;
; display7[23]~reg0                      ; Stuck at GND due to stuck port data_in ;
; display7[22]~reg0                      ; Stuck at GND due to stuck port data_in ;
; display7[21]~reg0                      ; Stuck at GND due to stuck port data_in ;
; display7[20]~reg0                      ; Stuck at VCC due to stuck port data_in ;
; display7[19]~reg0                      ; Stuck at GND due to stuck port data_in ;
; display7[18]~reg0                      ; Stuck at GND due to stuck port data_in ;
; display7[17]~reg0                      ; Stuck at GND due to stuck port data_in ;
; display7[16]~reg0                      ; Stuck at GND due to stuck port data_in ;
; display7[15]~reg0                      ; Stuck at GND due to stuck port data_in ;
; display7[14]~reg0                      ; Stuck at GND due to stuck port data_in ;
; busCtrl[4]~reg0                        ; Merged with busCtrl[2]~reg0            ;
; busCtrl[1]~reg0                        ; Merged with busCtrl[0]~reg0            ;
; busCtrl[3]~reg0                        ; Merged with busCtrl[0]~reg0            ;
; busDirec[13]~reg0                      ; Merged with busCtrl[0]~reg0            ;
; busDirec[14]~reg0                      ; Merged with busCtrl[0]~reg0            ;
; busDirec[15]~reg0                      ; Merged with busCtrl[0]~reg0            ;
; busDirec[16]~reg0                      ; Merged with busCtrl[0]~reg0            ;
; busDirec[17]~reg0                      ; Merged with busCtrl[0]~reg0            ;
; busDirec[18]~reg0                      ; Merged with busCtrl[0]~reg0            ;
; busDirec[19]~reg0                      ; Merged with busCtrl[0]~reg0            ;
; busDirec[11]~reg0                      ; Merged with busDirec[10]~reg0          ;
; busDirec[12]~reg0                      ; Merged with busDirec[10]~reg0          ;
; busDirec[8]~reg0                       ; Merged with busDirec[10]~reg0          ;
; busDirec[9]~reg0                       ; Merged with busDirec[10]~reg0          ;
; busDirec[10]~reg0                      ; Stuck at GND due to stuck port data_in ;
; busCtrl[0]~reg0                        ; Stuck at GND due to stuck port data_in ;
; busCtrl[2]~reg0                        ; Stuck at VCC due to stuck port data_in ;
; Total Number of Removed Registers = 35 ;                                        ;
+----------------------------------------+----------------------------------------+


+-------------------------------------------------------------------------------------------------------------------------+
; Removed Registers Triggering Further Register Optimizations                                                             ;
+---------------+---------------------------+-----------------------------------------------------------------------------+
; Register name ; Reason for Removal        ; Registers Removed due to This Register                                      ;
+---------------+---------------------------+-----------------------------------------------------------------------------+
; RegInst[0]    ; Stuck at GND              ; display7[27]~reg0, display7[26]~reg0, display7[25]~reg0, display7[24]~reg0, ;
;               ; due to stuck port data_in ; display7[23]~reg0, display7[22]~reg0, display7[21]~reg0, display7[20]~reg0, ;
;               ;                           ; display7[19]~reg0, display7[18]~reg0, display7[17]~reg0, display7[16]~reg0, ;
;               ;                           ; display7[15]~reg0, display7[14]~reg0                                        ;
+---------------+---------------------------+-----------------------------------------------------------------------------+


+------------------------------------------------------+
; General Register Statistics                          ;
+----------------------------------------------+-------+
; Statistic                                    ; Value ;
+----------------------------------------------+-------+
; Total registers                              ; 101   ;
; Number of registers using Synchronous Clear  ; 0     ;
; Number of registers using Synchronous Load   ; 16    ;
; Number of registers using Asynchronous Clear ; 24    ;
; Number of registers using Asynchronous Load  ; 0     ;
; Number of registers using Clock Enable       ; 85    ;
; Number of registers using Preset             ; 0     ;
+----------------------------------------------+-------+


+------------------------------------------------------------------------------------------------------------------------------------------+
; Multiplexer Restructuring Statistics (Restructuring Performed)                                                                           ;
+--------------------+-----------+---------------+----------------------+------------------------+------------+----------------------------+
; Multiplexer Inputs ; Bus Width ; Baseline Area ; Area if Restructured ; Saving if Restructured ; Registered ; Example Multiplexer Output ;
+--------------------+-----------+---------------+----------------------+------------------------+------------+----------------------------+
; 4:1                ; 8 bits    ; 16 LEs        ; 8 LEs                ; 8 LEs                  ; Yes        ; |U_Control|aux_ALU_11_     ;
; 16:1               ; 3 bits    ; 30 LEs        ; 0 LEs                ; 30 LEs                 ; Yes        ; |U_Control|flag[1]~reg0    ;
; 17:1               ; 6 bits    ; 66 LEs        ; 48 LEs               ; 18 LEs                 ; Yes        ; |U_Control|aux_ALU_6_      ;
; 7:1                ; 8 bits    ; 32 LEs        ; 16 LEs               ; 16 LEs                 ; Yes        ; |U_Control|RegAcum[1]      ;
+--------------------+-----------+---------------+----------------------+------------------------+------------+----------------------------+


+-------------------------------------------------------------------------------------+
; Parameter Settings for Inferred Entity Instance: lpm_mult:Mult0                     ;
+------------------------------------------------+--------------+---------------------+
; Parameter Name                                 ; Value        ; Type                ;
+------------------------------------------------+--------------+---------------------+
; AUTO_CARRY_CHAINS                              ; ON           ; AUTO_CARRY          ;
; IGNORE_CARRY_BUFFERS                           ; OFF          ; IGNORE_CARRY        ;
; AUTO_CASCADE_CHAINS                            ; ON           ; AUTO_CASCADE        ;
; IGNORE_CASCADE_BUFFERS                         ; OFF          ; IGNORE_CASCADE      ;
; LPM_WIDTHA                                     ; 8            ; Untyped             ;
; LPM_WIDTHB                                     ; 8            ; Untyped             ;
; LPM_WIDTHP                                     ; 16           ; Untyped             ;
; LPM_WIDTHR                                     ; 16           ; Untyped             ;
; LPM_WIDTHS                                     ; 1            ; Untyped             ;
; LPM_REPRESENTATION                             ; SIGNED       ; Untyped             ;
; LPM_PIPELINE                                   ; 0            ; Untyped             ;
; LATENCY                                        ; 0            ; Untyped             ;
; INPUT_A_IS_CONSTANT                            ; NO           ; Untyped             ;
; INPUT_B_IS_CONSTANT                            ; NO           ; Untyped             ;
; USE_EAB                                        ; OFF          ; Untyped             ;
; MAXIMIZE_SPEED                                 ; 5            ; Untyped             ;
; DEVICE_FAMILY                                  ; Cyclone IV E ; Untyped             ;
; CARRY_CHAIN                                    ; MANUAL       ; Untyped             ;
; APEX20K_TECHNOLOGY_MAPPER                      ; LUT          ; TECH_MAPPER_APEX20K ;
; DEDICATED_MULTIPLIER_CIRCUITRY                 ; AUTO         ; Untyped             ;
; DEDICATED_MULTIPLIER_MIN_INPUT_WIDTH_FOR_AUTO  ; 0            ; Untyped             ;
; DEDICATED_MULTIPLIER_MIN_OUTPUT_WIDTH_FOR_AUTO ; 0            ; Untyped             ;
; CBXI_PARAMETER                                 ; mult_73t     ; Untyped             ;
; INPUT_A_FIXED_VALUE                            ; Bx           ; Untyped             ;
; INPUT_B_FIXED_VALUE                            ; Bx           ; Untyped             ;
; USE_AHDL_IMPLEMENTATION                        ; OFF          ; Untyped             ;
+------------------------------------------------+--------------+---------------------+
Note: In order to hide this table in the UI and the text report file, please set the "Show Parameter Settings in Synthesis Report" option in "Analysis and Synthesis Settings -> More Settings" to "Off".


+--------------------------------------------------------+
; lpm_mult Parameter Settings by Entity Instance         ;
+---------------------------------------+----------------+
; Name                                  ; Value          ;
+---------------------------------------+----------------+
; Number of entity instances            ; 1              ;
; Entity Instance                       ; lpm_mult:Mult0 ;
;     -- LPM_WIDTHA                     ; 8              ;
;     -- LPM_WIDTHB                     ; 8              ;
;     -- LPM_WIDTHP                     ; 16             ;
;     -- LPM_REPRESENTATION             ; SIGNED         ;
;     -- INPUT_A_IS_CONSTANT            ; NO             ;
;     -- INPUT_B_IS_CONSTANT            ; NO             ;
;     -- USE_EAB                        ; OFF            ;
;     -- DEDICATED_MULTIPLIER_CIRCUITRY ; AUTO           ;
;     -- INPUT_A_FIXED_VALUE            ; Bx             ;
;     -- INPUT_B_FIXED_VALUE            ; Bx             ;
+---------------------------------------+----------------+


+-------------------------------+
; Elapsed Time Per Partition    ;
+----------------+--------------+
; Partition Name ; Elapsed Time ;
+----------------+--------------+
; Top            ; 00:00:01     ;
+----------------+--------------+


+-------------------------------+
; Analysis & Synthesis Messages ;
+-------------------------------+
Info: *******************************************************************
Info: Running Quartus II 64-Bit Analysis & Synthesis
    Info: Version 13.0.1 Build 232 06/12/2013 Service Pack 1 SJ Web Edition
    Info: Processing started: Thu Mar 10 22:38:05 2022
Info: Command: quartus_map --read_settings_files=on --write_settings_files=off U_Control -c U_Control
Warning (20028): Parallel compilation is not licensed and has been disabled
Info (12021): Found 2 design units, including 1 entities, in source file u_control.vhd
    Info (12022): Found design unit 1: U_Control-control
    Info (12023): Found entity 1: U_Control
Warning (12019): Can't analyze file -- file ALU.vhd is missing
Warning (12019): Can't analyze file -- file ALU_UC.vhd is missing
Warning (12019): Can't analyze file -- file bcd_7seg.vhd is missing
Warning (12019): Can't analyze file -- file lcdmain.vhd is missing
Info (12021): Found 2 design units, including 0 entities, in source file alu_p1.vhd
    Info (12022): Found design unit 1: ALU_P1
    Info (12022): Found design unit 2: ALU_P1-body
Info (12021): Found 2 design units, including 0 entities, in source file dis7seg.vhd
    Info (12022): Found design unit 1: dis7seg
    Info (12022): Found design unit 2: dis7seg-body
Info (12021): Found 2 design units, including 0 entities, in source file ctrl_lcd.vhd
    Info (12022): Found design unit 1: ctrl_LCD
    Info (12022): Found design unit 2: ctrl_LCD-body
Info (12021): Found 2 design units, including 1 entities, in source file lcd_m.vhd
    Info (12022): Found design unit 1: LCD_M-behaviour
    Info (12023): Found entity 1: LCD_M
Info (12127): Elaborating entity "U_Control" for the top level hierarchy
Warning (10631): VHDL Process Statement warning at U_Control.vhd(49): inferring latch(es) for signal or variable "RegIndex", which holds its previous value in one or more paths through the process
Info (10041): Inferred latch for "RegIndex[8]" at U_Control.vhd(49)
Info (10041): Inferred latch for "RegIndex[9]" at U_Control.vhd(49)
Info (10041): Inferred latch for "RegIndex[10]" at U_Control.vhd(49)
Info (10041): Inferred latch for "RegIndex[11]" at U_Control.vhd(49)
Info (10041): Inferred latch for "RegIndex[12]" at U_Control.vhd(49)
Info (278001): Inferred 1 megafunctions from design logic
    Info (278003): Inferred multiplier megafunction ("lpm_mult") from the following logic: "Mult0"
Info (12130): Elaborated megafunction instantiation "lpm_mult:Mult0"
Info (12133): Instantiated megafunction "lpm_mult:Mult0" with the following parameter:
    Info (12134): Parameter "LPM_WIDTHA" = "8"
    Info (12134): Parameter "LPM_WIDTHB" = "8"
    Info (12134): Parameter "LPM_WIDTHP" = "16"
    Info (12134): Parameter "LPM_WIDTHR" = "16"
    Info (12134): Parameter "LPM_WIDTHS" = "1"
    Info (12134): Parameter "LPM_REPRESENTATION" = "SIGNED"
    Info (12134): Parameter "INPUT_A_IS_CONSTANT" = "NO"
    Info (12134): Parameter "INPUT_B_IS_CONSTANT" = "NO"
    Info (12134): Parameter "MAXIMIZE_SPEED" = "5"
Info (12021): Found 1 design units, including 1 entities, in source file db/mult_73t.tdf
    Info (12023): Found entity 1: mult_73t
Warning (13039): The following bidir pins have no drivers
    Warning (13040): Bidir "busDatos[0]" has no driver
    Warning (13040): Bidir "busDatos[1]" has no driver
    Warning (13040): Bidir "busDatos[2]" has no driver
    Warning (13040): Bidir "busDatos[3]" has no driver
    Warning (13040): Bidir "busDatos[4]" has no driver
    Warning (13040): Bidir "busDatos[5]" has no driver
    Warning (13040): Bidir "busDatos[6]" has no driver
    Warning (13040): Bidir "busDatos[7]" has no driver
Warning (13024): Output pins are stuck at VCC or GND
    Warning (13410): Pin "busDirec[8]" is stuck at GND
    Warning (13410): Pin "busDirec[9]" is stuck at GND
    Warning (13410): Pin "busDirec[10]" is stuck at GND
    Warning (13410): Pin "busDirec[11]" is stuck at GND
    Warning (13410): Pin "busDirec[12]" is stuck at GND
    Warning (13410): Pin "busDirec[13]" is stuck at GND
    Warning (13410): Pin "busDirec[14]" is stuck at GND
    Warning (13410): Pin "busDirec[15]" is stuck at GND
    Warning (13410): Pin "busDirec[16]" is stuck at GND
    Warning (13410): Pin "busDirec[17]" is stuck at GND
    Warning (13410): Pin "busDirec[18]" is stuck at GND
    Warning (13410): Pin "busDirec[19]" is stuck at GND
    Warning (13410): Pin "busCtrl[0]" is stuck at GND
    Warning (13410): Pin "busCtrl[1]" is stuck at GND
    Warning (13410): Pin "busCtrl[2]" is stuck at VCC
    Warning (13410): Pin "busCtrl[3]" is stuck at GND
    Warning (13410): Pin "busCtrl[4]" is stuck at VCC
    Warning (13410): Pin "display7[14]" is stuck at GND
    Warning (13410): Pin "display7[15]" is stuck at GND
    Warning (13410): Pin "display7[16]" is stuck at GND
    Warning (13410): Pin "display7[17]" is stuck at GND
    Warning (13410): Pin "display7[18]" is stuck at GND
    Warning (13410): Pin "display7[19]" is stuck at GND
    Warning (13410): Pin "display7[20]" is stuck at VCC
    Warning (13410): Pin "display7[21]" is stuck at GND
    Warning (13410): Pin "display7[22]" is stuck at GND
    Warning (13410): Pin "display7[23]" is stuck at GND
    Warning (13410): Pin "display7[24]" is stuck at GND
    Warning (13410): Pin "display7[25]" is stuck at GND
    Warning (13410): Pin "display7[26]" is stuck at GND
    Warning (13410): Pin "display7[27]" is stuck at VCC
Info (286030): Timing-Driven Synthesis is running
Info (16010): Generating hard_block partition "hard_block:auto_generated_inst"
    Info (16011): Adding 0 node(s), including 0 DDIO, 0 PLL, 0 transceiver and 0 LCELL
Info (21057): Implemented 311 device resources after synthesis - the final resource count might be different
    Info (21058): Implemented 15 input pins
    Info (21059): Implemented 84 output pins
    Info (21060): Implemented 8 bidirectional pins
    Info (21061): Implemented 203 logic cells
    Info (21062): Implemented 1 DSP elements
Info: Quartus II 64-Bit Analysis & Synthesis was successful. 0 errors, 47 warnings
    Info: Peak virtual memory: 4649 megabytes
    Info: Processing ended: Thu Mar 10 22:38:08 2022
    Info: Elapsed time: 00:00:03
    Info: Total CPU time (on all processors): 00:00:03


