
     | | | | | | |
   _________________
  -|               |-
  -|               |-
  -|               |-
  -|    CYPRESS    |-
  -|               |-
  -|               |-   Warp VHDL Synthesis Compiler: Version 6.3 IR 35
  -|               |-   Copyright (C) 1991-2001 Cypress Semiconductor
   |_______________|
     | | | | | | |

======================================================================
Compiling:  mario.vhd
Options:    -yu -e10 -w100 -o2 -ygs -fP -v10 -dc22v10 -ppalc22v10d-25pc -b mario.vhd -u mario.hie
======================================================================

vhdlfe V6.3 IR 35:  VHDL parser
Fri Dec 17 00:26:11 2021

Library 'work' => directory 'lc22v10'
Linking 'C:\Archivos de programa\Cypress\Warp\bin\std.vhd'.
Linking 'C:\Archivos de programa\Cypress\Warp\lib\common\cypress.vhd'.
Linking 'C:\Archivos de programa\Cypress\Warp\lib\common\work\cypress.vif'.
Library 'ieee' => directory 'C:\Archivos de programa\Cypress\Warp\lib\ieee\work'
Linking 'C:\Archivos de programa\Cypress\Warp\lib\ieee\work\stdlogic.vif'.

vhdlfe:  No errors.


tovif V6.3 IR 35:  High-level synthesis
Fri Dec 17 00:26:11 2021

Linking 'C:\Archivos de programa\Cypress\Warp\bin\std.vhd'.
Linking 'C:\Archivos de programa\Cypress\Warp\lib\common\cypress.vhd'.
Linking 'C:\Archivos de programa\Cypress\Warp\lib\common\work\cypress.vif'.
Linking 'C:\Archivos de programa\Cypress\Warp\lib\ieee\work\stdlogic.vif'.

tovif:  No errors.


topld V6.3 IR 35:  Synthesis and optimization
Fri Dec 17 00:26:11 2021

Linking 'C:\Archivos de programa\Cypress\Warp\bin\std.vhd'.
Linking 'C:\Archivos de programa\Cypress\Warp\lib\common\cypress.vhd'.
Linking 'C:\Archivos de programa\Cypress\Warp\lib\common\work\cypress.vif'.
Linking 'C:\Archivos de programa\Cypress\Warp\lib\ieee\work\stdlogic.vif'.
State variable 'sig' is represented by a Bit_vector (0 to 1).
State encoding (sequential) for 'sig' is:
	s0 :=	b"00";
	s1 :=	b"01";
	s2 :=	b"10";
	s3 :=	b"11";

----------------------------------------------------------
Detecting unused logic.
----------------------------------------------------------



------------------------------------------------------
Alias Detection
------------------------------------------------------

------------------------------------------------------
Aliased 0 equations, 1 wires.
------------------------------------------------------

----------------------------------------------------------
Circuit simplification
----------------------------------------------------------

----------------------------------------------------------
Circuit simplification results:

	Expanded 0 signals.
	Turned 0 signals into soft nodes.
	Maximum default expansion cost was set at 10.
----------------------------------------------------------
Created 12 PLD nodes.

topld:  No errors.

----------------------------------------------------------------------------
PLD Optimizer Software:       DSGNOPT.EXE    31/03/2000  [v4.02 ] 6.3 IR 35

DESIGN HEADER INFORMATION  (00:26:12)

Input File(s): mario.pla
Device       : C22V10
Package      : palc22v10d-25pc
ReportFile   : mario.rpt

Program Controls:
    COMMAND LANGUAGE_VHDL 
    COMMAND PROPERTY BUS_HOLD ENABLE 

Signal Requests:
    GROUP USEPOL ALL
    GROUP FAST_SLEW ALL

Completed Successfully  
----------------------------------------------------------------------------
PLD Optimizer Software:       DSGNOPT.EXE    31/03/2000  [v4.02 ] 6.3 IR 35

OPTIMIZATION OPTIONS       (00:26:12)

Messages:
  Information: Process virtual 'sigSBV_1D'sigSBV_1D ... expanded.
  Information: Process virtual 'sigSBV_0D'sigSBV_0D ... expanded.
  Information: Process virtual '\q(0)D\'\q(0)D\ ... expanded.
  Information: Process virtual '\q(2)D\'\q(2)D\ ... expanded.
  Information: Process virtual 'sigSBV_1' ... converted to NODE.
  Information: Process virtual 'sigSBV_0' ... converted to NODE.
  Information: Optimizing logic using best output polarity for signals:
         sigSBV_0.D sigSBV_1.D

  Information: Selected logic optimization OFF for signals:
         q(0).D q(0).C q(1).D q(1).C q(2).D q(2).C sigSBV_0.C sigSBV_1.C



Summary:
                 Error Count = 0      Warning Count = 0

Completed Successfully  
----------------------------------------------------------------------------
PLD Optimizer Software:       MINOPT.EXE     01/NOV/1999  [v4.02 ] 6.3 IR 35

LOGIC MINIMIZATION         ()

Messages:


Summary:
                 Error Count = 0      Warning Count = 0

Completed Successfully
----------------------------------------------------------------------------
PLD Optimizer Software:       DSGNOPT.EXE    31/03/2000  [v4.02 ] 6.3 IR 35

OPTIMIZATION OPTIONS       (00:26:12)

Messages:
  Information: Optimizing Banked Preset/Reset requirements.


Summary:
                 Error Count = 0      Warning Count = 0

Completed Successfully  
----------------------------------------------------------------------------
PLD Compiler Software:        PLA2JED.EXE    31/03/2000  [v4.02 ] 6.3 IR 35

<CYPRESSTAG name="Equations" icon=FILE_RPT_EQUATION>
DESIGN EQUATIONS           (00:26:12)
</CYPRESSTAG>

    q(0).D =
          /sigSBV_0.Q * /sigSBV_1.Q 

    q(0).AR =
          GND

    q(0).SP =
          GND

    q(0).C =
          clk 

    q(1).D =
          sigSBV_1.Q 

    q(1).AR =
          GND

    q(1).SP =
          GND

    q(1).C =
          clk 

    q(2).D =
          sigSBV_0.Q * /sigSBV_1.Q 

    q(2).AR =
          GND

    q(2).SP =
          GND

    q(2).C =
          clk 

    sigSBV_0.D =
          /sigSBV_0.Q * sigSBV_1.Q * sw 
        + sigSBV_0.Q * /sigSBV_1.Q * sw 

    sigSBV_0.AR =
          GND

    sigSBV_0.SP =
          GND

    sigSBV_0.C =
          clk 

    sigSBV_1.D =
          sigSBV_0.Q * /sigSBV_1.Q 
        + /sigSBV_1.Q * sw 

    sigSBV_1.AR =
          GND

    sigSBV_1.SP =
          GND

    sigSBV_1.C =
          clk 


Completed Successfully  
----------------------------------------------------------------------------
PLD Compiler Software:        PLA2JED.EXE    31/03/2000  [v4.02 ] 6.3 IR 35

DESIGN RULE CHECK          (00:26:12)

Messages:
                 None.


Summary:
                 Error Count = 0      Warning Count = 0

Completed Successfully  
----------------------------------------------------------------------------
PLD Compiler Software:        PLA2JED.EXE    31/03/2000  [v4.02 ] 6.3 IR 35

<CYPRESSTAG name="Pinout" icon=FILE_RPT_PINOUT>
PINOUT INFORMATION   (00:26:12)
</CYPRESSTAG>
Messages:
  Information: Checking for duplicate NODE logic.
                 None.


                                 C22V10
                 __________________________________________
            clk =| 1|                                  |24|* not used       
             sw =| 2|                                  |23|= q(2)           
       not used *| 3|                                  |22|= q(1)           
       not used *| 4|                                  |21|= q(0)           
       not used *| 5|                                  |20|* not used       
       not used *| 6|                                  |19|* not used       
       not used *| 7|                                  |18|* not used       
       not used *| 8|                                  |17|* not used       
       not used *| 9|                                  |16|* not used       
       not used *|10|                                  |15|= (sigSBV_0)     
       not used *|11|                                  |14|= (sigSBV_1)     
       not used *|12|                                  |13|* not used       
                 __________________________________________


Summary:
                 Error Count = 0      Warning Count = 0

Completed Successfully  
----------------------------------------------------------------------------
PLD Compiler Software:        PLA2JED.EXE    31/03/2000  [v4.02 ] 6.3 IR 35

<CYPRESSTAG name="Utilization" icon=FILE_RPT_UTILIZATION>
RESOURCE UTILIZATION (00:26:12)
</CYPRESSTAG>
  Information: Macrocell Utilization.

                     Description        Used     Max
                 ______________________________________
                 | Dedicated Inputs   |    1  |   11  |
                 | Clock/Inputs       |    1  |    1  |
                 | I/O Macrocells     |    5  |   10  |
                 ______________________________________
                                           7  /   22   = 31  %


  Information: Output Logic Product Term Utilization.

                  Node#  Output Signal Name  Used   Max
                 ________________________________________
                 | 14  |  sigSBV_1        |   2  |   8  |
                 | 15  |  sigSBV_0        |   2  |  10  |
                 | 16  |  Unused          |   0  |  12  |
                 | 17  |  Unused          |   0  |  14  |
                 | 18  |  Unused          |   0  |  16  |
                 | 19  |  Unused          |   0  |  16  |
                 | 20  |  Unused          |   0  |  14  |
                 | 21  |  q(0)            |   1  |  12  |
                 | 22  |  q(1)            |   1  |  10  |
                 | 23  |  q(2)            |   1  |   8  |
                 | 25  |  Unused          |   0  |   1  |
                 ________________________________________
                                              7  / 121   = 5   %


Completed Successfully  
----------------------------------------------------------------------------
PLD Compiler Software:        PLA2JED.EXE    31/03/2000  [v4.02 ] 6.3 IR 35

JEDEC ASSEMBLE             (00:26:12)

Messages:
  Information: Output file 'mario.pin' created.
  Information: Output file 'mario.jed' created.

  Usercode:    
  Checksum:    3462



Summary:
                 Error Count = 0      Warning Count = 0

Completed Successfully at 00:26:12
