
vhdlfe V6.3 IR 35:  VHDL parser
Thu Dec 16 23:40:42 2021

Setting library 'work' to directory 'lc22v10'

vhdlfe:  No errors.


vhdlfe V6.3 IR 35:  VHDL parser
Thu Dec 16 23:40:59 2021

Setting library 'work' to directory 'lc22v10'

vhdlfe:  No errors.


vhdlfe V6.3 IR 35:  VHDL parser
Thu Dec 16 23:42:47 2021

Setting library 'work' to directory 'lc22v10'

vhdlfe:  No errors.


vhdlfe V6.3 IR 35:  VHDL parser
Fri Dec 17 00:25:19 2021

Setting library 'work' to directory 'lc22v10'

vhdlfe:  No errors.


vhdlfe V6.3 IR 35:  VHDL parser
Fri Dec 17 00:25:30 2021

Setting library 'work' to directory 'lc22v10'

vhdlfe:  No errors.


vhdlfe V6.3 IR 35:  VHDL parser
Fri Dec 17 00:26:11 2021

Setting library 'work' to directory 'lc22v10'

vhdlfe:  No errors.

