
     | | | | | | |
   _________________
  -|               |-
  -|               |-
  -|               |-
  -|    CYPRESS    |-
  -|               |-
  -|               |-   Warp VHDL Synthesis Compiler: Version 6.3 IR 35
  -|               |-   Copyright (C) 1991-2001 Cypress Semiconductor
   |_______________|
     | | | | | | |

======================================================================
Compiling:  tubo1.vhd
Options:    -yu -e10 -w100 -o2 -ygs -fP -v10 -dc22v10 -ppalc22v10d-25pc -b tubo1.vhd -u tubo1.hie
======================================================================

vhdlfe V6.3 IR 35:  VHDL parser
Thu Dec 16 22:32:14 2021

Library 'work' => directory 'lc22v10'
Linking 'C:\Archivos de programa\Cypress\Warp\bin\std.vhd'.
Linking 'C:\Archivos de programa\Cypress\Warp\lib\common\cypress.vhd'.
Linking 'C:\Archivos de programa\Cypress\Warp\lib\common\work\cypress.vif'.
Library 'ieee' => directory 'C:\Archivos de programa\Cypress\Warp\lib\ieee\work'
Linking 'C:\Archivos de programa\Cypress\Warp\lib\ieee\work\stdlogic.vif'.

vhdlfe:  No errors.


tovif V6.3 IR 35:  High-level synthesis
Thu Dec 16 22:32:14 2021

Linking 'C:\Archivos de programa\Cypress\Warp\bin\std.vhd'.
Linking 'C:\Archivos de programa\Cypress\Warp\lib\common\cypress.vhd'.
Linking 'C:\Archivos de programa\Cypress\Warp\lib\common\work\cypress.vif'.
Linking 'C:\Archivos de programa\Cypress\Warp\lib\ieee\work\stdlogic.vif'.

tovif:  No errors.


topld V6.3 IR 35:  Synthesis and optimization
Thu Dec 16 22:32:14 2021

Linking 'C:\Archivos de programa\Cypress\Warp\bin\std.vhd'.
Linking 'C:\Archivos de programa\Cypress\Warp\lib\common\cypress.vhd'.
Linking 'C:\Archivos de programa\Cypress\Warp\lib\common\work\cypress.vif'.
Linking 'C:\Archivos de programa\Cypress\Warp\lib\ieee\work\stdlogic.vif'.
State variable 'sig' is represented by a Bit_vector (0 to 2).
State encoding (sequential) for 'sig' is:
	e0 :=	b"000";
	e1 :=	b"001";
	e2 :=	b"010";
	e3 :=	b"011";
	e4 :=	b"100";
	e5 :=	b"101";
	e6 :=	b"110";
	e7 :=	b"111";

----------------------------------------------------------
Detecting unused logic.
----------------------------------------------------------



------------------------------------------------------
Alias Detection
------------------------------------------------------

------------------------------------------------------
Aliased 0 equations, 0 wires.
------------------------------------------------------

----------------------------------------------------------
Circuit simplification
----------------------------------------------------------

----------------------------------------------------------
Circuit simplification results:

	Expanded 0 signals.
	Turned 0 signals into soft nodes.
	Maximum default expansion cost was set at 10.
----------------------------------------------------------
Created 22 PLD nodes.

topld:  No errors.

----------------------------------------------------------------------------
PLD Optimizer Software:       DSGNOPT.EXE    31/03/2000  [v4.02 ] 6.3 IR 35

DESIGN HEADER INFORMATION  (22:32:15)

Input File(s): tubo1.pla
Device       : C22V10
Package      : palc22v10d-25pc
ReportFile   : tubo1.rpt

Program Controls:
    COMMAND LANGUAGE_VHDL 
    COMMAND PROPERTY BUS_HOLD ENABLE 

Signal Requests:
    GROUP USEPOL ALL
    GROUP FAST_SLEW ALL

Completed Successfully  
----------------------------------------------------------------------------
PLD Optimizer Software:       DSGNOPT.EXE    31/03/2000  [v4.02 ] 6.3 IR 35

OPTIMIZATION OPTIONS       (22:32:15)

Messages:
  Information: Process virtual 'sigSBV_2D'sigSBV_2D ... expanded.
  Information: Process virtual 'sigSBV_1D'sigSBV_1D ... expanded.
  Information: Process virtual 'sigSBV_0D'sigSBV_0D ... expanded.
  Information: Process virtual '\q(0)D\'\q(0)D\ ... expanded.
  Information: Process virtual '\q(1)D\'\q(1)D\ ... expanded.
  Information: Process virtual '\q(2)D\'\q(2)D\ ... expanded.
  Information: Process virtual '\q(3)D\'\q(3)D\ ... expanded.
  Information: Process virtual '\q(4)D\'\q(4)D\ ... expanded.
  Information: Process virtual '\q(5)D\'\q(5)D\ ... expanded.
  Information: Process virtual '\q(6)D\'\q(6)D\ ... expanded.
  Information: Process virtual 'sigSBV_2' ... converted to NODE.
  Information: Process virtual 'sigSBV_1' ... converted to NODE.
  Information: Process virtual 'sigSBV_0' ... converted to NODE.
  Information: Optimizing logic using best output polarity for signals:
         q(0).D q(1).D q(3).D q(5).D sigSBV_0.D sigSBV_1.D sigSBV_2.D

  Information: Selected logic optimization OFF for signals:
         q(0).C q(1).C q(2).D q(2).C q(3).C q(4).D q(4).C q(5).C q(6).D q(6).C
         sigSBV_0.C sigSBV_1.C sigSBV_2.C



Summary:
                 Error Count = 0      Warning Count = 0

Completed Successfully  
----------------------------------------------------------------------------
PLD Optimizer Software:       MINOPT.EXE     01/NOV/1999  [v4.02 ] 6.3 IR 35

LOGIC MINIMIZATION         ()

Messages:


Summary:
                 Error Count = 0      Warning Count = 0

Completed Successfully
----------------------------------------------------------------------------
PLD Optimizer Software:       DSGNOPT.EXE    31/03/2000  [v4.02 ] 6.3 IR 35

OPTIMIZATION OPTIONS       (22:32:15)

Messages:
  Information: Optimizing Banked Preset/Reset requirements.


Summary:
                 Error Count = 0      Warning Count = 0

Completed Successfully  
----------------------------------------------------------------------------
PLD Compiler Software:        PLA2JED.EXE    31/03/2000  [v4.02 ] 6.3 IR 35

<CYPRESSTAG name="Equations" icon=FILE_RPT_EQUATION>
DESIGN EQUATIONS           (22:32:15)
</CYPRESSTAG>

    q(0).D =
          sigSBV_0.Q * sigSBV_1.Q * sigSBV_2.Q 
        + /sigSBV_0.Q * /sigSBV_1.Q 

    q(0).AR =
          GND

    q(0).SP =
          GND

    q(0).C =
          clk 

    q(1).D =
          /sigSBV_0.Q * /sigSBV_1.Q * sigSBV_2.Q 
        + /sigSBV_0.Q * sigSBV_1.Q * /sigSBV_2.Q 

    q(1).AR =
          GND

    q(1).SP =
          GND

    q(1).C =
          clk 

    q(2).D =
          /sigSBV_0.Q * sigSBV_1.Q 

    q(2).AR =
          GND

    q(2).SP =
          GND

    q(2).C =
          clk 

    q(3).D =
          /sigSBV_0.Q * sigSBV_1.Q * sigSBV_2.Q 
        + sigSBV_0.Q * /sigSBV_1.Q * /sigSBV_2.Q 

    q(3).AR =
          GND

    q(3).SP =
          GND

    q(3).C =
          clk 

    q(4).D =
          sigSBV_0.Q * /sigSBV_1.Q 

    q(4).AR =
          GND

    q(4).SP =
          GND

    q(4).C =
          clk 

    q(5).D =
          sigSBV_0.Q * /sigSBV_1.Q * sigSBV_2.Q 
        + sigSBV_0.Q * sigSBV_1.Q * /sigSBV_2.Q 

    q(5).AR =
          GND

    q(5).SP =
          GND

    q(5).C =
          clk 

    q(6).D =
          sigSBV_0.Q * sigSBV_1.Q 

    q(6).AR =
          GND

    q(6).SP =
          GND

    q(6).C =
          clk 

    sigSBV_0.D =
          /sigSBV_0.Q * sigSBV_1.Q * sigSBV_2.Q 
        + sigSBV_0.Q * /sigSBV_1.Q 
        + sigSBV_0.Q * /sigSBV_2.Q 

    sigSBV_0.AR =
          GND

    sigSBV_0.SP =
          GND

    sigSBV_0.C =
          clk 

    sigSBV_1.D =
          /sigSBV_1.Q * sigSBV_2.Q 
        + sigSBV_1.Q * /sigSBV_2.Q 

    sigSBV_1.AR =
          GND

    sigSBV_1.SP =
          GND

    sigSBV_1.C =
          clk 

    sigSBV_2.D =
          sigSBV_0.Q * sigSBV_1.Q 
        + /sigSBV_2.Q 

    sigSBV_2.AR =
          GND

    sigSBV_2.SP =
          GND

    sigSBV_2.C =
          clk 


Completed Successfully  
----------------------------------------------------------------------------
PLD Compiler Software:        PLA2JED.EXE    31/03/2000  [v4.02 ] 6.3 IR 35

DESIGN RULE CHECK          (22:32:15)

Messages:
                 None.


Summary:
                 Error Count = 0      Warning Count = 0

Completed Successfully  
----------------------------------------------------------------------------
PLD Compiler Software:        PLA2JED.EXE    31/03/2000  [v4.02 ] 6.3 IR 35

<CYPRESSTAG name="Pinout" icon=FILE_RPT_PINOUT>
PINOUT INFORMATION   (22:32:15)
</CYPRESSTAG>
Messages:
  Information: Checking for duplicate NODE logic.
                 None.


                                 C22V10
                 __________________________________________
            clk =| 1|                                  |24|* not used       
       not used *| 2|                                  |23|= q(6)           
       not used *| 3|                                  |22|= q(5)           
       not used *| 4|                                  |21|= q(4)           
       not used *| 5|                                  |20|= q(3)           
       not used *| 6|                                  |19|= q(2)           
       not used *| 7|                                  |18|= q(1)           
       not used *| 8|                                  |17|= q(0)           
       not used *| 9|                                  |16|= (sigSBV_1)     
       not used *|10|                                  |15|= (sigSBV_2)     
       not used *|11|                                  |14|= (sigSBV_0)     
       not used *|12|                                  |13|* not used       
                 __________________________________________


Summary:
                 Error Count = 0      Warning Count = 0

Completed Successfully  
----------------------------------------------------------------------------
PLD Compiler Software:        PLA2JED.EXE    31/03/2000  [v4.02 ] 6.3 IR 35

<CYPRESSTAG name="Utilization" icon=FILE_RPT_UTILIZATION>
RESOURCE UTILIZATION (22:32:15)
</CYPRESSTAG>
  Information: Macrocell Utilization.

                     Description        Used     Max
                 ______________________________________
                 | Dedicated Inputs   |    0  |   11  |
                 | Clock/Inputs       |    1  |    1  |
                 | I/O Macrocells     |   10  |   10  |
                 ______________________________________
                                          11  /   22   = 50  %


  Information: Output Logic Product Term Utilization.

                  Node#  Output Signal Name  Used   Max
                 ________________________________________
                 | 14  |  sigSBV_0        |   3  |   8  |
                 | 15  |  sigSBV_2        |   2  |  10  |
                 | 16  |  sigSBV_1        |   2  |  12  |
                 | 17  |  q(0)            |   2  |  14  |
                 | 18  |  q(1)            |   2  |  16  |
                 | 19  |  q(2)            |   1  |  16  |
                 | 20  |  q(3)            |   2  |  14  |
                 | 21  |  q(4)            |   1  |  12  |
                 | 22  |  q(5)            |   2  |  10  |
                 | 23  |  q(6)            |   1  |   8  |
                 | 25  |  Unused          |   0  |   1  |
                 ________________________________________
                                             18  / 121   = 14  %


Completed Successfully  
----------------------------------------------------------------------------
PLD Compiler Software:        PLA2JED.EXE    31/03/2000  [v4.02 ] 6.3 IR 35

JEDEC ASSEMBLE             (22:32:15)

Messages:
  Information: Output file 'tubo1.pin' created.
  Information: Output file 'tubo1.jed' created.

  Usercode:    
  Checksum:    7D9D



Summary:
                 Error Count = 0      Warning Count = 0

Completed Successfully at 22:32:15
